<?xml version="1.0" encoding="UTF-8"?>
<!-- Generated by org.testng.reporters.JUnitReportReporter -->
<testsuite hostname="LTIN293452" failures="0" tests="3" name="testCase.TC002_PopularModels" time="85.418" errors="0" timestamp="2024-02-06T15:50:05 IST" skipped="0">
  <testcase classname="testCase.TC002_PopularModels" name="chennaiUsedCars" time="47.051"/>
  <system-out/>
  <testcase classname="testCase.TC002_PopularModels" name="popularModels" time="2.748"/>
  <system-out/>
  <testcase classname="testCase.TC002_PopularModels" name="clickOnZigWheels" time="35.619"/>
  <system-out/>
</testsuite> <!-- testCase.TC002_PopularModels -->
