<?xml version="1.0" encoding="UTF-8"?>
<!-- Generated by org.testng.reporters.JUnitReportReporter -->
<testsuite hostname="LTIN293452" failures="0" tests="5" name="testCase.TC003_Login" time="28.678" errors="0" timestamp="2024-02-12T10:49:54 IST" skipped="0">
  <testcase classname="testCase.TC003_Login" name="navigateToHomePge" time="4.687"/>
  <system-out/>
  <testcase classname="testCase.TC003_Login" name="loginProcess" time="4.493"/>
  <system-out/>
  <testcase classname="testCase.TC003_Login" name="selectGoogle" time="12.025"/>
  <system-out/>
  <testcase classname="testCase.TC003_Login" name="inputEmailId" time="7.423"/>
  <system-out/>
  <testcase classname="testCase.TC003_Login" name="validateErrorMessage" time="0.050"/>
  <system-out/>
</testsuite> <!-- testCase.TC003_Login -->
