<?xml version="1.0" encoding="UTF-8"?>
<!-- Generated by org.testng.reporters.JUnitReportReporter -->
<testsuite hostname="LTIN293452" failures="0" tests="4" name="testCase.TC001_UpcomingBikes" time="92.856" errors="0" timestamp="2024-02-06T15:50:05 IST" skipped="0">
  <testcase classname="testCase.TC001_UpcomingBikes" name="clickOnUpcomingBike" time="56.164"/>
  <system-out/>
  <testcase classname="testCase.TC001_UpcomingBikes" name="selectHondaBrand" time="33.292"/>
  <system-out/>
  <testcase classname="testCase.TC001_UpcomingBikes" name="viewMoreBikeBtn" time="0.087"/>
  <system-out/>
  <testcase classname="testCase.TC001_UpcomingBikes" name="bikeDetails" time="3.313"/>
  <system-out/>
</testsuite> <!-- testCase.TC001_UpcomingBikes -->
