<?xml version="1.0" encoding="UTF-8"?>
<!-- Generated by org.testng.reporters.JUnitReportReporter -->
<testsuite hostname="LTIN293452" failures="0" tests="2" name="testCase.TC002_PopularModels" time="15.671" errors="0" timestamp="2024-02-12T10:49:54 IST" skipped="0">
  <testcase classname="testCase.TC002_PopularModels" name="chennaiUsedCars" time="12.609"/>
  <system-out/>
  <testcase classname="testCase.TC002_PopularModels" name="popularModels" time="3.062"/>
  <system-out/>
</testsuite> <!-- testCase.TC002_PopularModels -->
