<?xml version="1.0" encoding="UTF-8"?>
<!-- Generated by org.testng.reporters.JUnitReportReporter -->
<testsuite hostname="LTIN293452" failures="0" tests="4" name="testCase.TC001_UpcomingBikes" time="10.071" errors="0" timestamp="2024-02-11T22:35:32 IST" skipped="0">
  <testcase classname="testCase.TC001_UpcomingBikes" name="clickOnUpcomingBike" time="3.286"/>
  <system-out/>
  <testcase classname="testCase.TC001_UpcomingBikes" name="selectHondaBrand" time="0.766"/>
  <system-out/>
  <testcase classname="testCase.TC001_UpcomingBikes" name="viewMoreBikeBtn" time="0.910"/>
  <system-out/>
  <testcase classname="testCase.TC001_UpcomingBikes" name="bikeDetails" time="5.109"/>
  <system-out/>
</testsuite> <!-- testCase.TC001_UpcomingBikes -->
