<?xml version="1.0" encoding="UTF-8"?>
<!-- Generated by org.testng.reporters.JUnitReportReporter -->
<testsuite hostname="LTIN293452" failures="0" tests="4" name="testCase.TC001_UpcomingBikes" time="35.225" errors="0" timestamp="2024-02-12T10:49:54 IST" skipped="0">
  <testcase classname="testCase.TC001_UpcomingBikes" name="clickOnUpcomingBike" time="15.002"/>
  <system-out/>
  <testcase classname="testCase.TC001_UpcomingBikes" name="selectHondaBrand" time="11.947"/>
  <system-out/>
  <testcase classname="testCase.TC001_UpcomingBikes" name="viewMoreBikeBtn" time="4.399"/>
  <system-out/>
  <testcase classname="testCase.TC001_UpcomingBikes" name="bikeDetails" time="3.877"/>
  <system-out/>
</testsuite> <!-- testCase.TC001_UpcomingBikes -->
