<?xml version="1.0" encoding="UTF-8"?>
<!-- Generated by org.testng.reporters.JUnitReportReporter -->
<testsuite hostname="LTIN293452" failures="0" tests="3" name="testCase.TC002_PopularModels" time="10.066" errors="0" timestamp="2024-02-11T22:35:32 IST" skipped="0">
  <testcase classname="testCase.TC002_PopularModels" name="chennaiUsedCars" time="5.103"/>
  <system-out/>
  <testcase classname="testCase.TC002_PopularModels" name="popularModels" time="3.183"/>
  <system-out/>
  <testcase classname="testCase.TC002_PopularModels" name="clickOnZigWheels" time="1.780"/>
  <system-out/>
</testsuite> <!-- testCase.TC002_PopularModels -->
