<?xml version="1.0" encoding="UTF-8"?>
<!-- Generated by org.testng.reporters.JUnitReportReporter -->
<testsuite hostname="LTIN293452" failures="0" tests="4" name="testCase.TC003_Login" time="3.499" errors="0" timestamp="2024-02-06T15:56:17 IST" skipped="0">
  <testcase classname="testCase.TC003_Login" name="loginProcess" time="0.192"/>
  <system-out/>
  <testcase classname="testCase.TC003_Login" name="selectGoogle" time="2.109"/>
  <system-out/>
  <testcase classname="testCase.TC003_Login" name="inputEmailId" time="0.482"/>
  <system-out/>
  <testcase classname="testCase.TC003_Login" name="validateErrorMessage" time="0.716"/>
  <system-out/>
</testsuite> <!-- testCase.TC003_Login -->
